2015-01-25 11:39:49.627 ecaasu2015[61852:337271] DiskCookieStorage changing policy from 2 to 0, cookie file: file:///Users/Jshiiba/Library/Developer/CoreSimulator/Devices/6991C014-86EE-4EE4-9E41-B7E45876029C/data/Containers/Data/Application/C2A0680C-8CD4-4A62-BC73-C2E0DA329141/Library/Cookies/Cookies.binarycookies
2015-01-25 11:39:52.554 ecaasu2015[61852:337271] Apache Cordova native platform version 3.7.0 is starting.
2015-01-25 11:39:52.555 ecaasu2015[61852:337271] Multi-tasking -> Device: YES, App: YES
2015-01-25 11:39:52.573 ecaasu2015[61852:337271] Unlimited access to network resources
2015-01-25 11:39:52.616 ecaasu2015[61852:337271] 

Started backup to iCloud! Please be careful.
Your application might be rejected by Apple if you store too much data.
For more information please read "iOS Data Storage Guidelines" at:
https://developer.apple.com/icloud/documentation/data-storage/
To disable web storage backup to iCloud, set the BackupWebStorage preference to "local" in the Cordova config.xml file

2015-01-25 11:39:55.857 ecaasu2015[61852:337271] [CDVTimer][statusbar] 2132.030964ms
2015-01-25 11:39:55.857 ecaasu2015[61852:337271] [CDVTimer][TotalPluginStartup] 2132.330000ms
2015-01-25 11:39:58.309 ecaasu2015[61852:337271] Resetting plugins due to page load.
2015-01-25 11:40:02.437 ecaasu2015[61852:337271] Finished load of: file:///Users/Jshiiba/Library/Developer/CoreSimulator/Devices/6991C014-86EE-4EE4-9E41-B7E45876029C/data/Containers/Bundle/Application/B617946F-A2FE-4DEC-B416-02C3DAA4174B/ecaasu2015.app/www/index.html
2015-01-25 11:40:02.445 ecaasu2015[61852:337271] This app uses phonegap-googlemaps-plugin version 1.2.4
2015-01-25 11:42:05.238 ecaasu2015[61852:337394] void SendDelegateMessage(NSInvocation *): delegate (webView:runJavaScriptAlertPanelWithMessage:initiatedByFrame:) failed to return after waiting 10 seconds. main run loop mode: kCFRunLoopDefaultMode
2015-01-25 11:42:34.256 ecaasu2015[63010:339917] DiskCookieStorage changing policy from 2 to 0, cookie file: file:///Users/Jshiiba/Library/Developer/CoreSimulator/Devices/6991C014-86EE-4EE4-9E41-B7E45876029C/data/Containers/Data/Application/CC99E3B8-CD52-4060-899D-90170A695CED/Library/Cookies/Cookies.binarycookies
2015-01-25 11:42:34.659 ecaasu2015[63010:339917] Apache Cordova native platform version 3.7.0 is starting.
2015-01-25 11:42:34.659 ecaasu2015[63010:339917] Multi-tasking -> Device: YES, App: YES
2015-01-25 11:42:34.662 ecaasu2015[63010:339917] Unlimited access to network resources
2015-01-25 11:42:34.667 ecaasu2015[63010:339917] 

Started backup to iCloud! Please be careful.
Your application might be rejected by Apple if you store too much data.
For more information please read "iOS Data Storage Guidelines" at:
https://developer.apple.com/icloud/documentation/data-storage/
To disable web storage backup to iCloud, set the BackupWebStorage preference to "local" in the Cordova config.xml file

2015-01-25 11:42:35.013 ecaasu2015[63010:339917] [CDVTimer][statusbar] 27.599990ms
2015-01-25 11:42:35.013 ecaasu2015[63010:339917] [CDVTimer][TotalPluginStartup] 27.907968ms
2015-01-25 11:42:35.164 ecaasu2015[63010:339917] Resetting plugins due to page load.
2015-01-25 11:42:35.589 ecaasu2015[63010:339917] Finished load of: file:///Users/Jshiiba/Library/Developer/CoreSimulator/Devices/6991C014-86EE-4EE4-9E41-B7E45876029C/data/Containers/Bundle/Application/CBE0C34C-E42C-42B6-AA64-9BD8B5756A49/ecaasu2015.app/www/index.html
2015-01-25 11:43:44.287 ecaasu2015[63976:341794] DiskCookieStorage changing policy from 2 to 0, cookie file: file:///Users/Jshiiba/Library/Developer/CoreSimulator/Devices/6991C014-86EE-4EE4-9E41-B7E45876029C/data/Containers/Data/Application/C8AE578F-BAB0-46FE-B7EF-323E8A0BAA62/Library/Cookies/Cookies.binarycookies
2015-01-25 11:43:44.806 ecaasu2015[63976:341794] Apache Cordova native platform version 3.7.0 is starting.
2015-01-25 11:43:44.806 ecaasu2015[63976:341794] Multi-tasking -> Device: YES, App: YES
2015-01-25 11:43:44.808 ecaasu2015[63976:341794] Unlimited access to network resources
2015-01-25 11:43:44.812 ecaasu2015[63976:341794] 

Started backup to iCloud! Please be careful.
Your application might be rejected by Apple if you store too much data.
For more information please read "iOS Data Storage Guidelines" at:
https://developer.apple.com/icloud/documentation/data-storage/
To disable web storage backup to iCloud, set the BackupWebStorage preference to "local" in the Cordova config.xml file

2015-01-25 11:43:45.196 ecaasu2015[63976:341794] [CDVTimer][statusbar] 41.921020ms
2015-01-25 11:43:45.196 ecaasu2015[63976:341794] [CDVTimer][TotalPluginStartup] 42.216003ms
2015-01-25 11:43:45.364 ecaasu2015[63976:341794] Resetting plugins due to page load.
2015-01-25 11:43:45.786 ecaasu2015[63976:341794] Finished load of: file:///Users/Jshiiba/Library/Developer/CoreSimulator/Devices/6991C014-86EE-4EE4-9E41-B7E45876029C/data/Containers/Bundle/Application/0E458714-A02D-43F6-B4DE-51C5A76E1DCB/ecaasu2015.app/www/index.html
2015-01-25 11:45:44.606 ecaasu2015[64964:343993] DiskCookieStorage changing policy from 2 to 0, cookie file: file:///Users/Jshiiba/Library/Developer/CoreSimulator/Devices/6991C014-86EE-4EE4-9E41-B7E45876029C/data/Containers/Data/Application/C7B21EB6-39C6-42C6-B99B-84FB9C654F4B/Library/Cookies/Cookies.binarycookies
2015-01-25 11:45:45.597 ecaasu2015[64964:343993] Apache Cordova native platform version 3.7.0 is starting.
2015-01-25 11:45:45.598 ecaasu2015[64964:343993] Multi-tasking -> Device: YES, App: YES
2015-01-25 11:45:45.600 ecaasu2015[64964:343993] Unlimited access to network resources
2015-01-25 11:45:45.602 ecaasu2015[64964:343993] 

Started backup to iCloud! Please be careful.
Your application might be rejected by Apple if you store too much data.
For more information please read "iOS Data Storage Guidelines" at:
https://developer.apple.com/icloud/documentation/data-storage/
To disable web storage backup to iCloud, set the BackupWebStorage preference to "local" in the Cordova config.xml file

2015-01-25 11:45:46.057 ecaasu2015[64964:343993] [CDVTimer][statusbar] 138.826966ms
2015-01-25 11:45:46.057 ecaasu2015[64964:343993] [CDVTimer][TotalPluginStartup] 139.047980ms
2015-01-25 11:45:46.495 ecaasu2015[64964:343993] Resetting plugins due to page load.
2015-01-25 11:45:46.901 ecaasu2015[64964:343993] Finished load of: file:///Users/Jshiiba/Library/Developer/CoreSimulator/Devices/6991C014-86EE-4EE4-9E41-B7E45876029C/data/Containers/Bundle/Application/04FBEEA3-D34C-4BDC-B683-4D8B9D97E283/ecaasu2015.app/www/index.html
2015-01-25 11:52:52.848 ecaasu2015[67131:349772] DiskCookieStorage changing policy from 2 to 0, cookie file: file:///Users/Jshiiba/Library/Developer/CoreSimulator/Devices/6991C014-86EE-4EE4-9E41-B7E45876029C/data/Containers/Data/Application/EEBA2B44-5904-4275-B5F3-5F7E0A6F904B/Library/Cookies/Cookies.binarycookies
2015-01-25 11:52:56.449 ecaasu2015[67131:349772] Apache Cordova native platform version 3.7.0 is starting.
2015-01-25 11:52:56.450 ecaasu2015[67131:349772] Multi-tasking -> Device: YES, App: YES
2015-01-25 11:52:56.451 ecaasu2015[67131:349772] Unlimited access to network resources
2015-01-25 11:52:56.607 ecaasu2015[67131:349772] 

Started backup to iCloud! Please be careful.
Your application might be rejected by Apple if you store too much data.
For more information please read "iOS Data Storage Guidelines" at:
https://developer.apple.com/icloud/documentation/data-storage/
To disable web storage backup to iCloud, set the BackupWebStorage preference to "local" in the Cordova config.xml file

2015-01-25 11:52:57.384 ecaasu2015[67131:349772] [CDVTimer][statusbar] 285.724998ms
2015-01-25 11:52:57.384 ecaasu2015[67131:349772] [CDVTimer][TotalPluginStartup] 286.031961ms
2015-01-25 11:52:58.234 ecaasu2015[67131:349772] Resetting plugins due to page load.
2015-01-25 11:52:58.854 ecaasu2015[67131:349772] This app uses phonegap-googlemaps-plugin version 1.2.4
2015-01-25 11:52:58.883 ecaasu2015[67131:349772] Finished load of: file:///Users/Jshiiba/Library/Developer/CoreSimulator/Devices/6991C014-86EE-4EE4-9E41-B7E45876029C/data/Containers/Bundle/Application/A4D8E5D0-B5F5-4B77-8970-11E347D1545B/ecaasu2015.app/www/index.html
2015-01-25 11:54:52.330 ecaasu2015[69005:352832] DiskCookieStorage changing policy from 2 to 0, cookie file: file:///Users/Jshiiba/Library/Developer/CoreSimulator/Devices/6991C014-86EE-4EE4-9E41-B7E45876029C/data/Containers/Data/Application/9E230B38-104F-4F9C-9F31-0C9A263E8FDC/Library/Cookies/Cookies.binarycookies
2015-01-25 11:54:53.923 ecaasu2015[69005:352832] Apache Cordova native platform version 3.7.0 is starting.
2015-01-25 11:54:53.924 ecaasu2015[69005:352832] Multi-tasking -> Device: YES, App: YES
2015-01-25 11:54:53.926 ecaasu2015[69005:352832] Unlimited access to network resources
2015-01-25 11:54:53.940 ecaasu2015[69005:352832] 

Started backup to iCloud! Please be careful.
Your application might be rejected by Apple if you store too much data.
For more information please read "iOS Data Storage Guidelines" at:
https://developer.apple.com/icloud/documentation/data-storage/
To disable web storage backup to iCloud, set the BackupWebStorage preference to "local" in the Cordova config.xml file

2015-01-25 11:54:54.584 ecaasu2015[69005:352832] [CDVTimer][statusbar] 246.831000ms
2015-01-25 11:54:54.584 ecaasu2015[69005:352832] [CDVTimer][TotalPluginStartup] 247.040987ms
2015-01-25 11:54:55.183 ecaasu2015[69005:352832] Resetting plugins due to page load.
2015-01-25 11:54:55.721 ecaasu2015[69005:352832] Finished load of: file:///Users/Jshiiba/Library/Developer/CoreSimulator/Devices/6991C014-86EE-4EE4-9E41-B7E45876029C/data/Containers/Bundle/Application/E55810BE-DB56-4CD2-9F38-7C82B9E2B1F9/ecaasu2015.app/www/index.html
2015-01-25 11:56:36.407 ecaasu2015[69975:354926] DiskCookieStorage changing policy from 2 to 0, cookie file: file:///Users/Jshiiba/Library/Developer/CoreSimulator/Devices/6991C014-86EE-4EE4-9E41-B7E45876029C/data/Containers/Data/Application/ED5D0C45-451D-4790-86FF-2E7550D2C6A3/Library/Cookies/Cookies.binarycookies
2015-01-25 11:56:37.928 ecaasu2015[69975:354926] Apache Cordova native platform version 3.7.0 is starting.
2015-01-25 11:56:37.928 ecaasu2015[69975:354926] Multi-tasking -> Device: YES, App: YES
2015-01-25 11:56:37.929 ecaasu2015[69975:354926] Unlimited access to network resources
2015-01-25 11:56:37.952 ecaasu2015[69975:354926] 

Started backup to iCloud! Please be careful.
Your application might be rejected by Apple if you store too much data.
For more information please read "iOS Data Storage Guidelines" at:
https://developer.apple.com/icloud/documentation/data-storage/
To disable web storage backup to iCloud, set the BackupWebStorage preference to "local" in the Cordova config.xml file

2015-01-25 11:56:38.443 ecaasu2015[69975:354926] [CDVTimer][statusbar] 163.829029ms
2015-01-25 11:56:38.443 ecaasu2015[69975:354926] [CDVTimer][TotalPluginStartup] 164.029002ms
2015-01-25 11:56:39.603 ecaasu2015[69975:354926] Resetting plugins due to page load.
2015-01-25 11:56:40.077 ecaasu2015[69975:354926] Finished load of: file:///Users/Jshiiba/Library/Developer/CoreSimulator/Devices/6991C014-86EE-4EE4-9E41-B7E45876029C/data/Containers/Bundle/Application/A601C24B-DF83-4F24-A898-66CB51A60061/ecaasu2015.app/www/index.html
2015-01-25 11:59:31.437 ecaasu2015[71960:359345] DiskCookieStorage changing policy from 2 to 0, cookie file: file:///Users/Jshiiba/Library/Developer/CoreSimulator/Devices/6991C014-86EE-4EE4-9E41-B7E45876029C/data/Containers/Data/Application/64FBFD6D-6E77-4C50-A8E3-5855CE4D2ECC/Library/Cookies/Cookies.binarycookies
2015-01-25 11:59:33.910 ecaasu2015[71960:359345] Apache Cordova native platform version 3.7.0 is starting.
2015-01-25 11:59:33.910 ecaasu2015[71960:359345] Multi-tasking -> Device: YES, App: YES
2015-01-25 11:59:33.912 ecaasu2015[71960:359345] Unlimited access to network resources
2015-01-25 11:59:33.933 ecaasu2015[71960:359345] 

Started backup to iCloud! Please be careful.
Your application might be rejected by Apple if you store too much data.
For more information please read "iOS Data Storage Guidelines" at:
https://developer.apple.com/icloud/documentation/data-storage/
To disable web storage backup to iCloud, set the BackupWebStorage preference to "local" in the Cordova config.xml file

2015-01-25 11:59:34.701 ecaasu2015[71960:359345] [CDVTimer][statusbar] 208.866000ms
2015-01-25 11:59:34.701 ecaasu2015[71960:359345] [CDVTimer][TotalPluginStartup] 209.073007ms
2015-01-25 11:59:35.448 ecaasu2015[71960:359345] Resetting plugins due to page load.
2015-01-25 11:59:36.140 ecaasu2015[71960:359345] Finished load of: file:///Users/Jshiiba/Library/Developer/CoreSimulator/Devices/6991C014-86EE-4EE4-9E41-B7E45876029C/data/Containers/Bundle/Application/A1C5D1A7-54FC-4EED-9ED0-72D600305F0F/ecaasu2015.app/www/index.html
2015-01-25 11:59:46.493 ecaasu2015[71960:359345] THREAD WARNING: ['Geolocation'] took '275.517822' ms. Plugin should use a background thread.
2015-01-25 11:59:46.608 ecaasu2015[71960:359345] THREAD WARNING: ['Geolocation'] took '114.112061' ms. Plugin should use a background thread.
2015-01-25 11:59:58.606 ecaasu2015[71960:359345] locationManager::didFailWithError (null)
2015-01-25 12:03:18.319 ecaasu2015[73170:362844] DiskCookieStorage changing policy from 2 to 0, cookie file: file:///Users/Jshiiba/Library/Developer/CoreSimulator/Devices/6991C014-86EE-4EE4-9E41-B7E45876029C/data/Containers/Data/Application/6D0870F5-809A-48FF-9BC9-6272F05601FB/Library/Cookies/Cookies.binarycookies
2015-01-25 12:03:19.887 ecaasu2015[73170:362844] Apache Cordova native platform version 3.7.0 is starting.
2015-01-25 12:03:19.888 ecaasu2015[73170:362844] Multi-tasking -> Device: YES, App: YES
2015-01-25 12:03:19.889 ecaasu2015[73170:362844] Unlimited access to network resources
2015-01-25 12:03:19.911 ecaasu2015[73170:362844] 

Started backup to iCloud! Please be careful.
Your application might be rejected by Apple if you store too much data.
For more information please read "iOS Data Storage Guidelines" at:
https://developer.apple.com/icloud/documentation/data-storage/
To disable web storage backup to iCloud, set the BackupWebStorage preference to "local" in the Cordova config.xml file

2015-01-25 12:03:20.440 ecaasu2015[73170:362844] [CDVTimer][statusbar] 190.421999ms
2015-01-25 12:03:20.440 ecaasu2015[73170:362844] [CDVTimer][TotalPluginStartup] 190.651000ms
2015-01-25 12:03:21.360 ecaasu2015[73170:362844] Resetting plugins due to page load.
2015-01-25 12:03:21.965 ecaasu2015[73170:362844] Finished load of: file:///Users/Jshiiba/Library/Developer/CoreSimulator/Devices/6991C014-86EE-4EE4-9E41-B7E45876029C/data/Containers/Bundle/Application/39B46814-6E16-484D-92E9-E092029219DA/ecaasu2015.app/www/index.html
2015-01-25 12:04:37.008 ecaasu2015[73170:362935] void SendDelegateMessage(NSInvocation *): delegate (webView:runJavaScriptAlertPanelWithMessage:initiatedByFrame:) failed to return after waiting 10 seconds. main run loop mode: kCFRunLoopDefaultMode
2015-01-25 12:04:38.601 ecaasu2015[73170:362844] locationManager::didFailWithError (null)
2015-01-25 12:05:46.675 ecaasu2015[74164:365052] DiskCookieStorage changing policy from 2 to 0, cookie file: file:///Users/Jshiiba/Library/Developer/CoreSimulator/Devices/6991C014-86EE-4EE4-9E41-B7E45876029C/data/Containers/Data/Application/7B1BA590-5B36-4EB3-932A-46724719F12F/Library/Cookies/Cookies.binarycookies
2015-01-25 12:05:50.575 ecaasu2015[74164:365052] Apache Cordova native platform version 3.7.0 is starting.
2015-01-25 12:05:50.575 ecaasu2015[74164:365052] Multi-tasking -> Device: YES, App: YES
2015-01-25 12:05:50.577 ecaasu2015[74164:365052] Unlimited access to network resources
2015-01-25 12:05:50.601 ecaasu2015[74164:365052] 

Started backup to iCloud! Please be careful.
Your application might be rejected by Apple if you store too much data.
For more information please read "iOS Data Storage Guidelines" at:
https://developer.apple.com/icloud/documentation/data-storage/
To disable web storage backup to iCloud, set the BackupWebStorage preference to "local" in the Cordova config.xml file

2015-01-25 12:05:51.181 ecaasu2015[74164:365052] [CDVTimer][statusbar] 180.663943ms
2015-01-25 12:05:51.182 ecaasu2015[74164:365052] [CDVTimer][TotalPluginStartup] 180.860996ms
2015-01-25 12:05:52.196 ecaasu2015[74164:365052] Resetting plugins due to page load.
2015-01-25 12:05:52.924 ecaasu2015[74164:365052] Finished load of: file:///Users/Jshiiba/Library/Developer/CoreSimulator/Devices/6991C014-86EE-4EE4-9E41-B7E45876029C/data/Containers/Bundle/Application/6D1971DE-88FB-4894-ADB8-E33180A8C019/ecaasu2015.app/www/index.html
2015-01-25 12:07:59.691 ecaasu2015[74164:365052] locationManager::didFailWithError (null)
2015-01-25 12:09:18.939 ecaasu2015[75187:367732] DiskCookieStorage changing policy from 2 to 0, cookie file: file:///Users/Jshiiba/Library/Developer/CoreSimulator/Devices/6991C014-86EE-4EE4-9E41-B7E45876029C/data/Containers/Data/Application/F6894633-EE32-4F63-9BE6-19D4E91969F8/Library/Cookies/Cookies.binarycookies
2015-01-25 12:09:21.044 ecaasu2015[75187:367732] Apache Cordova native platform version 3.7.0 is starting.
2015-01-25 12:09:21.045 ecaasu2015[75187:367732] Multi-tasking -> Device: YES, App: YES
2015-01-25 12:09:21.046 ecaasu2015[75187:367732] Unlimited access to network resources
2015-01-25 12:09:21.072 ecaasu2015[75187:367732] 

Started backup to iCloud! Please be careful.
Your application might be rejected by Apple if you store too much data.
For more information please read "iOS Data Storage Guidelines" at:
https://developer.apple.com/icloud/documentation/data-storage/
To disable web storage backup to iCloud, set the BackupWebStorage preference to "local" in the Cordova config.xml file

2015-01-25 12:09:21.603 ecaasu2015[75187:367732] [CDVTimer][statusbar] 198.055029ms
2015-01-25 12:09:21.603 ecaasu2015[75187:367732] [CDVTimer][TotalPluginStartup] 198.265016ms
2015-01-25 12:09:22.419 ecaasu2015[75187:367732] Resetting plugins due to page load.
2015-01-25 12:09:23.317 ecaasu2015[75187:367732] Finished load of: file:///Users/Jshiiba/Library/Developer/CoreSimulator/Devices/6991C014-86EE-4EE4-9E41-B7E45876029C/data/Containers/Bundle/Application/E9E7018D-404C-4C0E-AFA3-6C0C255ED12B/ecaasu2015.app/www/index.html
2015-01-25 12:16:32.204 ecaasu2015[77339:372864] DiskCookieStorage changing policy from 2 to 0, cookie file: file:///Users/Jshiiba/Library/Developer/CoreSimulator/Devices/6991C014-86EE-4EE4-9E41-B7E45876029C/data/Containers/Data/Application/3F8D5461-A249-4C9E-8A4D-3C6D18C9DE08/Library/Cookies/Cookies.binarycookies
2015-01-25 12:16:34.878 ecaasu2015[77339:372864] Apache Cordova native platform version 3.7.0 is starting.
2015-01-25 12:16:34.878 ecaasu2015[77339:372864] Multi-tasking -> Device: YES, App: YES
2015-01-25 12:16:34.881 ecaasu2015[77339:372864] Unlimited access to network resources
2015-01-25 12:16:34.939 ecaasu2015[77339:372864] 

Started backup to iCloud! Please be careful.
Your application might be rejected by Apple if you store too much data.
For more information please read "iOS Data Storage Guidelines" at:
https://developer.apple.com/icloud/documentation/data-storage/
To disable web storage backup to iCloud, set the BackupWebStorage preference to "local" in the Cordova config.xml file

2015-01-25 12:16:35.575 ecaasu2015[77339:372864] [CDVTimer][statusbar] 220.026016ms
2015-01-25 12:16:35.575 ecaasu2015[77339:372864] [CDVTimer][TotalPluginStartup] 220.222950ms
2015-01-25 12:16:36.675 ecaasu2015[77339:372864] Resetting plugins due to page load.
2015-01-25 12:16:37.278 ecaasu2015[77339:372864] Finished load of: file:///Users/Jshiiba/Library/Developer/CoreSimulator/Devices/6991C014-86EE-4EE4-9E41-B7E45876029C/data/Containers/Bundle/Application/5C2140EE-0E18-44B9-8266-52D90A469C7B/ecaasu2015.app/www/index.html
2015-01-25 12:17:08.620 ecaasu2015[77339:372864] locationManager::didFailWithError (null)
2015-01-25 12:17:36.650 ecaasu2015[78301:374674] DiskCookieStorage changing policy from 2 to 0, cookie file: file:///Users/Jshiiba/Library/Developer/CoreSimulator/Devices/6991C014-86EE-4EE4-9E41-B7E45876029C/data/Containers/Data/Application/8CC8FA7F-EDA2-44E3-8479-F78071DC25FB/Library/Cookies/Cookies.binarycookies
2015-01-25 12:17:36.823 ecaasu2015[78301:374674] Apache Cordova native platform version 3.7.0 is starting.
2015-01-25 12:17:36.824 ecaasu2015[78301:374674] Multi-tasking -> Device: YES, App: YES
2015-01-25 12:17:36.825 ecaasu2015[78301:374674] Unlimited access to network resources
2015-01-25 12:17:36.828 ecaasu2015[78301:374674] 

Started backup to iCloud! Please be careful.
Your application might be rejected by Apple if you store too much data.
For more information please read "iOS Data Storage Guidelines" at:
https://developer.apple.com/icloud/documentation/data-storage/
To disable web storage backup to iCloud, set the BackupWebStorage preference to "local" in the Cordova config.xml file

2015-01-25 12:17:37.078 ecaasu2015[78301:374674] [CDVTimer][statusbar] 18.061996ms
2015-01-25 12:17:37.078 ecaasu2015[78301:374674] [CDVTimer][TotalPluginStartup] 18.258035ms
2015-01-25 12:17:37.195 ecaasu2015[78301:374674] Resetting plugins due to page load.
2015-01-25 12:17:37.531 ecaasu2015[78301:374674] Finished load of: file:///Users/Jshiiba/Library/Developer/CoreSimulator/Devices/6991C014-86EE-4EE4-9E41-B7E45876029C/data/Containers/Bundle/Application/714B6A31-1A95-4272-8D3C-7A965CD985C5/ecaasu2015.app/www/index.html
2015-01-25 12:18:54.296 ecaasu2015[78301:374713] void SendDelegateMessage(NSInvocation *): delegate (webView:runJavaScriptAlertPanelWithMessage:initiatedByFrame:) failed to return after waiting 10 seconds. main run loop mode: kCFRunLoopDefaultMode
2015-01-25 12:18:55.466 ecaasu2015[78301:374674] locationManager::didFailWithError (null)
2015-01-25 12:20:06.674 ecaasu2015[79293:376935] DiskCookieStorage changing policy from 2 to 0, cookie file: file:///Users/Jshiiba/Library/Developer/CoreSimulator/Devices/6991C014-86EE-4EE4-9E41-B7E45876029C/data/Containers/Data/Application/C1747376-DEA5-4FB4-9447-56D1C04EC374/Library/Cookies/Cookies.binarycookies
2015-01-25 12:20:07.637 ecaasu2015[79293:376935] Apache Cordova native platform version 3.7.0 is starting.
2015-01-25 12:20:07.637 ecaasu2015[79293:376935] Multi-tasking -> Device: YES, App: YES
2015-01-25 12:20:07.639 ecaasu2015[79293:376935] Unlimited access to network resources
2015-01-25 12:20:07.643 ecaasu2015[79293:376935] 

Started backup to iCloud! Please be careful.
Your application might be rejected by Apple if you store too much data.
For more information please read "iOS Data Storage Guidelines" at:
https://developer.apple.com/icloud/documentation/data-storage/
To disable web storage backup to iCloud, set the BackupWebStorage preference to "local" in the Cordova config.xml file

2015-01-25 12:20:08.141 ecaasu2015[79293:376935] [CDVTimer][statusbar] 136.415958ms
2015-01-25 12:20:08.142 ecaasu2015[79293:376935] [CDVTimer][TotalPluginStartup] 136.708021ms
2015-01-25 12:20:08.520 ecaasu2015[79293:376935] Resetting plugins due to page load.
2015-01-25 12:20:08.955 ecaasu2015[79293:376935] Finished load of: file:///Users/Jshiiba/Library/Developer/CoreSimulator/Devices/6991C014-86EE-4EE4-9E41-B7E45876029C/data/Containers/Bundle/Application/5FCAF35F-F1E9-483C-8E6F-0E8AB02AB301/ecaasu2015.app/www/index.html
2015-01-25 12:20:45.766 ecaasu2015[79293:376935] locationManager::didFailWithError (null)
2015-01-25 19:49:14.196 ecaasu2015[88310:429106] DiskCookieStorage changing policy from 2 to 0, cookie file: file:///Users/Jshiiba/Library/Developer/CoreSimulator/Devices/6991C014-86EE-4EE4-9E41-B7E45876029C/data/Containers/Data/Application/B5287068-FD65-4F5D-A9C2-6607224052D6/Library/Cookies/Cookies.binarycookies
2015-01-25 19:49:17.449 ecaasu2015[88310:429106] Apache Cordova native platform version 3.7.0 is starting.
2015-01-25 19:49:17.450 ecaasu2015[88310:429106] Multi-tasking -> Device: YES, App: YES
2015-01-25 19:49:17.505 ecaasu2015[88310:429106] Unlimited access to network resources
2015-01-25 19:49:17.527 ecaasu2015[88310:429106] 

Started backup to iCloud! Please be careful.
Your application might be rejected by Apple if you store too much data.
For more information please read "iOS Data Storage Guidelines" at:
https://developer.apple.com/icloud/documentation/data-storage/
To disable web storage backup to iCloud, set the BackupWebStorage preference to "local" in the Cordova config.xml file

2015-01-25 19:49:19.781 ecaasu2015[88310:429106] [CDVTimer][statusbar] 553.093016ms
2015-01-25 19:49:19.781 ecaasu2015[88310:429106] [CDVTimer][TotalPluginStartup] 553.465009ms
2015-01-25 19:49:20.794 ecaasu2015[88310:429106] Resetting plugins due to page load.
2015-01-25 19:49:22.520 ecaasu2015[88310:429106] Finished load of: file:///Users/Jshiiba/Library/Developer/CoreSimulator/Devices/6991C014-86EE-4EE4-9E41-B7E45876029C/data/Containers/Bundle/Application/67DDD6A0-48C1-4D4F-9464-C7B8A72312EA/ecaasu2015.app/www/index.html
2015-01-25 19:49:22.522 ecaasu2015[88310:429106] This app uses phonegap-googlemaps-plugin version 1.2.4
2015-01-25 19:50:03.288 ecaasu2015[88310:429106] locationManager::didFailWithError (null)
2015-01-25 19:55:33.883 ecaasu2015[89575:433427] DiskCookieStorage changing policy from 2 to 0, cookie file: file:///Users/Jshiiba/Library/Developer/CoreSimulator/Devices/6991C014-86EE-4EE4-9E41-B7E45876029C/data/Containers/Data/Application/6B948031-8CF1-4752-92EF-E6063807F649/Library/Cookies/Cookies.binarycookies
2015-01-25 19:55:35.669 ecaasu2015[89575:433427] Apache Cordova native platform version 3.7.0 is starting.
2015-01-25 19:55:35.669 ecaasu2015[89575:433427] Multi-tasking -> Device: YES, App: YES
2015-01-25 19:55:35.671 ecaasu2015[89575:433427] Unlimited access to network resources
2015-01-25 19:55:35.691 ecaasu2015[89575:433427] 

Started backup to iCloud! Please be careful.
Your application might be rejected by Apple if you store too much data.
For more information please read "iOS Data Storage Guidelines" at:
https://developer.apple.com/icloud/documentation/data-storage/
To disable web storage backup to iCloud, set the BackupWebStorage preference to "local" in the Cordova config.xml file

2015-01-25 19:55:36.224 ecaasu2015[89575:433427] [CDVTimer][statusbar] 196.296990ms
2015-01-25 19:55:36.224 ecaasu2015[89575:433427] [CDVTimer][TotalPluginStartup] 196.496010ms
2015-01-25 19:55:36.948 ecaasu2015[89575:433427] Resetting plugins due to page load.
2015-01-25 19:55:37.728 ecaasu2015[89575:433427] Finished load of: file:///Users/Jshiiba/Library/Developer/CoreSimulator/Devices/6991C014-86EE-4EE4-9E41-B7E45876029C/data/Containers/Bundle/Application/5ACC027C-87CA-4287-9BA7-DFA6AFEFC2C0/ecaasu2015.app/www/index.html
2015-01-25 19:55:53.056 ecaasu2015[89575:433427] THREAD WARNING: ['Geolocation'] took '69.819092' ms. Plugin should use a background thread.
2015-01-25 19:55:53.057 ecaasu2015[89575:433427] locationManager::didFailWithError (null)
2015-01-25 19:57:52.351 ecaasu2015[90564:435700] DiskCookieStorage changing policy from 2 to 0, cookie file: file:///Users/Jshiiba/Library/Developer/CoreSimulator/Devices/6991C014-86EE-4EE4-9E41-B7E45876029C/data/Containers/Data/Application/1CC3888A-527D-4379-9988-FA499294FD87/Library/Cookies/Cookies.binarycookies
2015-01-25 19:57:53.104 ecaasu2015[90564:435700] Apache Cordova native platform version 3.7.0 is starting.
2015-01-25 19:57:53.105 ecaasu2015[90564:435700] Multi-tasking -> Device: YES, App: YES
2015-01-25 19:57:53.107 ecaasu2015[90564:435700] Unlimited access to network resources
2015-01-25 19:57:53.126 ecaasu2015[90564:435700] 

Started backup to iCloud! Please be careful.
Your application might be rejected by Apple if you store too much data.
For more information please read "iOS Data Storage Guidelines" at:
https://developer.apple.com/icloud/documentation/data-storage/
To disable web storage backup to iCloud, set the BackupWebStorage preference to "local" in the Cordova config.xml file

2015-01-25 19:57:53.616 ecaasu2015[90564:435700] [CDVTimer][statusbar] 114.856958ms
2015-01-25 19:57:53.616 ecaasu2015[90564:435700] [CDVTimer][TotalPluginStartup] 115.073025ms
2015-01-25 19:57:54.024 ecaasu2015[90564:435700] Resetting plugins due to page load.
2015-01-25 19:57:54.441 ecaasu2015[90564:435700] Finished load of: file:///Users/Jshiiba/Library/Developer/CoreSimulator/Devices/6991C014-86EE-4EE4-9E41-B7E45876029C/data/Containers/Bundle/Application/8C2C0222-6971-4056-9397-D2029C4AB8F2/ecaasu2015.app/www/index.html
2015-01-25 19:58:03.222 ecaasu2015[90564:435700] locationManager::didFailWithError (null)
2015-01-25 20:01:07.300 ecaasu2015[92513:439686] DiskCookieStorage changing policy from 2 to 0, cookie file: file:///Users/Jshiiba/Library/Developer/CoreSimulator/Devices/6991C014-86EE-4EE4-9E41-B7E45876029C/data/Containers/Data/Application/2D687B1C-014E-4A8B-92C5-8055D3236497/Library/Cookies/Cookies.binarycookies
2015-01-25 20:01:07.588 ecaasu2015[92513:439686] Apache Cordova native platform version 3.7.0 is starting.
2015-01-25 20:01:07.589 ecaasu2015[92513:439686] Multi-tasking -> Device: YES, App: YES
2015-01-25 20:01:07.591 ecaasu2015[92513:439686] Unlimited access to network resources
2015-01-25 20:01:07.594 ecaasu2015[92513:439686] 

Started backup to iCloud! Please be careful.
Your application might be rejected by Apple if you store too much data.
For more information please read "iOS Data Storage Guidelines" at:
https://developer.apple.com/icloud/documentation/data-storage/
To disable web storage backup to iCloud, set the BackupWebStorage preference to "local" in the Cordova config.xml file

2015-01-25 20:01:07.937 ecaasu2015[92513:439686] [CDVTimer][statusbar] 27.428985ms
2015-01-25 20:01:07.937 ecaasu2015[92513:439686] [CDVTimer][TotalPluginStartup] 27.752995ms
2015-01-25 20:01:08.110 ecaasu2015[92513:439686] Resetting plugins due to page load.
2015-01-25 20:01:08.497 ecaasu2015[92513:439686] Finished load of: file:///Users/Jshiiba/Library/Developer/CoreSimulator/Devices/6991C014-86EE-4EE4-9E41-B7E45876029C/data/Containers/Bundle/Application/37DBA95F-7DFC-43D3-A56D-F945A8BE9B3D/ecaasu2015.app/www/index.html
2015-01-25 20:03:10.829 ecaasu2015[94482:442846] DiskCookieStorage changing policy from 2 to 0, cookie file: file:///Users/Jshiiba/Library/Developer/CoreSimulator/Devices/6991C014-86EE-4EE4-9E41-B7E45876029C/data/Containers/Data/Application/71E1693E-3814-4CE2-8BDB-73E68C34208F/Library/Cookies/Cookies.binarycookies
2015-01-25 20:03:11.425 ecaasu2015[94482:442846] Apache Cordova native platform version 3.7.0 is starting.
2015-01-25 20:03:11.426 ecaasu2015[94482:442846] Multi-tasking -> Device: YES, App: YES
2015-01-25 20:03:11.428 ecaasu2015[94482:442846] Unlimited access to network resources
2015-01-25 20:03:11.444 ecaasu2015[94482:442846] 

Started backup to iCloud! Please be careful.
Your application might be rejected by Apple if you store too much data.
For more information please read "iOS Data Storage Guidelines" at:
https://developer.apple.com/icloud/documentation/data-storage/
To disable web storage backup to iCloud, set the BackupWebStorage preference to "local" in the Cordova config.xml file

2015-01-25 20:03:11.840 ecaasu2015[94482:442846] [CDVTimer][statusbar] 25.318027ms
2015-01-25 20:03:11.840 ecaasu2015[94482:442846] [CDVTimer][TotalPluginStartup] 25.611997ms
2015-01-25 20:03:11.987 ecaasu2015[94482:442846] Resetting plugins due to page load.
2015-01-25 20:03:12.374 ecaasu2015[94482:442846] Finished load of: file:///Users/Jshiiba/Library/Developer/CoreSimulator/Devices/6991C014-86EE-4EE4-9E41-B7E45876029C/data/Containers/Bundle/Application/7F7E6A01-00FD-4023-A979-90E09F4A1D1B/ecaasu2015.app/www/index.html
